{"C:\\Users\\Tiago\\first-ts-repo\\src\\Exercise10.ts": {"path":"C:\\Users\\Tiago\\first-ts-repo\\src\\Exercise10.ts","statementMap":{"0":{"start":{"line":12,"column":17},"end":{"line":12,"column":38}},"1":{"start":{"line":13,"column":4},"end":{"line":13,"column":19}},"2":{"start":{"line":16,"column":0},"end":{"line":16,"column":74}}},"fnMap":{"0":{"name":"caculateExpression","decl":{"start":{"line":10,"column":9},"end":{"line":10,"column":27}},"loc":{"start":{"line":10,"column":37},"end":{"line":14,"column":1}}}},"branchMap":{},"s":{"0":0,"1":0,"2":0},"f":{"0":0},"b":{}}
,"C:\\Users\\Tiago\\first-ts-repo\\src\\Exercise11.ts": {"path":"C:\\Users\\Tiago\\first-ts-repo\\src\\Exercise11.ts","statementMap":{"0":{"start":{"line":11,"column":19},"end":{"line":11,"column":72}},"1":{"start":{"line":13,"column":4},"end":{"line":13,"column":21}},"2":{"start":{"line":17,"column":0},"end":{"line":17,"column":86}}},"fnMap":{"0":{"name":"calculateBuildingHeight","decl":{"start":{"line":10,"column":9},"end":{"line":10,"column":32}},"loc":{"start":{"line":10,"column":52},"end":{"line":15,"column":1}}}},"branchMap":{},"s":{"0":0,"1":0,"2":0},"f":{"0":0},"b":{}}
,"C:\\Users\\Tiago\\first-ts-repo\\src\\Exercise12.ts": {"path":"C:\\Users\\Tiago\\first-ts-repo\\src\\Exercise12.ts","statementMap":{"0":{"start":{"line":11,"column":25},"end":{"line":11,"column":69}},"1":{"start":{"line":12,"column":4},"end":{"line":12,"column":27}},"2":{"start":{"line":15,"column":0},"end":{"line":15,"column":86}}},"fnMap":{"0":{"name":"calculateBuildingHeightWithShadows","decl":{"start":{"line":10,"column":9},"end":{"line":10,"column":43}},"loc":{"start":{"line":10,"column":110},"end":{"line":13,"column":1}}}},"branchMap":{},"s":{"0":0,"1":0,"2":0},"f":{"0":0},"b":{}}
,"C:\\Users\\Tiago\\first-ts-repo\\src\\Exercise13.ts": {"path":"C:\\Users\\Tiago\\first-ts-repo\\src\\Exercise13.ts","statementMap":{"0":{"start":{"line":10,"column":21},"end":{"line":10,"column":23}},"1":{"start":{"line":11,"column":21},"end":{"line":11,"column":23}},"2":{"start":{"line":12,"column":19},"end":{"line":12,"column":47}},"3":{"start":{"line":13,"column":30},"end":{"line":13,"column":116}},"4":{"start":{"line":14,"column":8},"end":{"line":14,"column":32}},"5":{"start":{"line":17,"column":0},"end":{"line":17,"column":77}}},"fnMap":{"0":{"name":"calculateWorkersDistance","decl":{"start":{"line":9,"column":13},"end":{"line":9,"column":37}},"loc":{"start":{"line":9,"column":37},"end":{"line":15,"column":1}}}},"branchMap":{},"s":{"0":0,"1":0,"2":0,"3":0,"4":0,"5":0},"f":{"0":0},"b":{}}
,"C:\\Users\\Tiago\\first-ts-repo\\src\\Exercise2.1.ts": {"path":"C:\\Users\\Tiago\\first-ts-repo\\src\\Exercise2.1.ts","statementMap":{"0":{"start":{"line":9,"column":27},"end":{"line":9,"column":112}},"1":{"start":{"line":10,"column":8},"end":{"line":10,"column":30}},"2":{"start":{"line":8,"column":4},"end":{"line":8,"column":20}},"3":{"start":{"line":13,"column":4},"end":{"line":13,"column":94}}},"fnMap":{"0":{"name":"calculateHeavyAverage","decl":{"start":{"line":8,"column":20},"end":{"line":8,"column":41}},"loc":{"start":{"line":8,"column":136},"end":{"line":11,"column":5}}}},"branchMap":{},"s":{"0":2,"1":2,"2":1,"3":1},"f":{"0":2},"b":{}}
,"C:\\Users\\Tiago\\first-ts-repo\\src\\Exercise2.ts": {"path":"C:\\Users\\Tiago\\first-ts-repo\\src\\Exercise2.ts","statementMap":{"0":{"start":{"line":3,"column":17},"end":{"line":3,"column":35}},"1":{"start":{"line":4,"column":18},"end":{"line":4,"column":38}},"2":{"start":{"line":5,"column":17},"end":{"line":5,"column":41}},"3":{"start":{"line":6,"column":0},"end":{"line":6,"column":20}},"4":{"start":{"line":10,"column":0},"end":{"line":10,"column":94}}},"fnMap":{"0":{"name":"calculateTotalPrice","decl":{"start":{"line":2,"column":9},"end":{"line":2,"column":28}},"loc":{"start":{"line":2,"column":148},"end":{"line":7,"column":1}}}},"branchMap":{},"s":{"0":0,"1":0,"2":0,"3":0,"4":0},"f":{"0":0},"b":{}}
,"C:\\Users\\Tiago\\first-ts-repo\\src\\Exercise3.ts": {"path":"C:\\Users\\Tiago\\first-ts-repo\\src\\Exercise3.ts","statementMap":{"0":{"start":{"line":3,"column":21},"end":{"line":3,"column":37}},"1":{"start":{"line":4,"column":21},"end":{"line":4,"column":34}},"2":{"start":{"line":5,"column":0},"end":{"line":5,"column":16}},"3":{"start":{"line":8,"column":0},"end":{"line":8,"column":34}}},"fnMap":{"0":{"name":"calculateVolume","decl":{"start":{"line":2,"column":9},"end":{"line":2,"column":24}},"loc":{"start":{"line":2,"column":40},"end":{"line":6,"column":1}}}},"branchMap":{},"s":{"0":0,"1":0,"2":0,"3":0},"f":{"0":0},"b":{}}
,"C:\\Users\\Tiago\\first-ts-repo\\src\\Exercise4.ts": {"path":"C:\\Users\\Tiago\\first-ts-repo\\src\\Exercise4.ts","statementMap":{"0":{"start":{"line":11,"column":18},"end":{"line":11,"column":41}},"1":{"start":{"line":12,"column":4},"end":{"line":12,"column":23}},"2":{"start":{"line":15,"column":0},"end":{"line":15,"column":73}}},"fnMap":{"0":{"name":"calculatePerimeter","decl":{"start":{"line":10,"column":9},"end":{"line":10,"column":27}},"loc":{"start":{"line":10,"column":55},"end":{"line":13,"column":1}}}},"branchMap":{},"s":{"0":0,"1":0,"2":0},"f":{"0":0},"b":{}}
,"C:\\Users\\Tiago\\first-ts-repo\\src\\Exercise5.ts": {"path":"C:\\Users\\Tiago\\first-ts-repo\\src\\Exercise5.ts","statementMap":{"0":{"start":{"line":10,"column":22},"end":{"line":10,"column":64}},"1":{"start":{"line":11,"column":21},"end":{"line":11,"column":44}},"2":{"start":{"line":12,"column":4},"end":{"line":12,"column":24}},"3":{"start":{"line":15,"column":0},"end":{"line":15,"column":54}}},"fnMap":{"0":{"name":"calculateHypotenuse","decl":{"start":{"line":9,"column":9},"end":{"line":9,"column":28}},"loc":{"start":{"line":9,"column":60},"end":{"line":13,"column":1}}}},"branchMap":{},"s":{"0":0,"1":0,"2":0,"3":0},"f":{"0":0},"b":{}}
,"C:\\Users\\Tiago\\first-ts-repo\\src\\Exercise6.ts": {"path":"C:\\Users\\Tiago\\first-ts-repo\\src\\Exercise6.ts","statementMap":{"0":{"start":{"line":10,"column":21},"end":{"line":10,"column":41}},"1":{"start":{"line":11,"column":4},"end":{"line":11,"column":24}},"2":{"start":{"line":14,"column":0},"end":{"line":14,"column":73}}},"fnMap":{"0":{"name":"convertTofahrenheit","decl":{"start":{"line":9,"column":9},"end":{"line":9,"column":28}},"loc":{"start":{"line":9,"column":44},"end":{"line":12,"column":1}}}},"branchMap":{},"s":{"0":0,"1":0,"2":0},"f":{"0":0},"b":{}}
,"C:\\Users\\Tiago\\first-ts-repo\\src\\Exercise7.ts": {"path":"C:\\Users\\Tiago\\first-ts-repo\\src\\Exercise7.ts","statementMap":{"0":{"start":{"line":10,"column":24},"end":{"line":10,"column":44}},"1":{"start":{"line":11,"column":4},"end":{"line":11,"column":25}},"2":{"start":{"line":14,"column":0},"end":{"line":14,"column":75}}},"fnMap":{"0":{"name":"conversionToMinutes","decl":{"start":{"line":9,"column":9},"end":{"line":9,"column":28}},"loc":{"start":{"line":9,"column":58},"end":{"line":12,"column":1}}}},"branchMap":{},"s":{"0":0,"1":0,"2":0},"f":{"0":0},"b":{}}
,"C:\\Users\\Tiago\\first-ts-repo\\src\\Exercise8.ts": {"path":"C:\\Users\\Tiago\\first-ts-repo\\src\\Exercise8.ts","statementMap":{"0":{"start":{"line":13,"column":15},"end":{"line":13,"column":19}},"1":{"start":{"line":14,"column":25},"end":{"line":14,"column":29}},"2":{"start":{"line":15,"column":18},"end":{"line":15,"column":62}},"3":{"start":{"line":17,"column":4},"end":{"line":17,"column":20}},"4":{"start":{"line":21,"column":0},"end":{"line":21,"column":100}}},"fnMap":{"0":{"name":"calculateDistanceOfThunderstorm","decl":{"start":{"line":12,"column":9},"end":{"line":12,"column":40}},"loc":{"start":{"line":12,"column":58},"end":{"line":18,"column":1}}}},"branchMap":{},"s":{"0":0,"1":0,"2":0,"3":0,"4":0},"f":{"0":0},"b":{}}
,"C:\\Users\\Tiago\\first-ts-repo\\src\\Exercise9.ts": {"path":"C:\\Users\\Tiago\\first-ts-repo\\src\\Exercise9.ts","statementMap":{"0":{"start":{"line":13,"column":24},"end":{"line":13,"column":29}},"1":{"start":{"line":14,"column":19},"end":{"line":14,"column":24}},"2":{"start":{"line":15,"column":17},"end":{"line":15,"column":21}},"3":{"start":{"line":16,"column":27},"end":{"line":16,"column":72}},"4":{"start":{"line":18,"column":4},"end":{"line":18,"column":30}},"5":{"start":{"line":21,"column":0},"end":{"line":21,"column":74}}},"fnMap":{"0":{"name":"calculateDistanceOfRunner","decl":{"start":{"line":12,"column":9},"end":{"line":12,"column":34}},"loc":{"start":{"line":12,"column":34},"end":{"line":19,"column":1}}}},"branchMap":{},"s":{"0":0,"1":0,"2":0,"3":0,"4":0,"5":0},"f":{"0":0},"b":{}}
,"C:\\Users\\Tiago\\first-ts-repo\\src\\app.ts": {"path":"C:\\Users\\Tiago\\first-ts-repo\\src\\app.ts","statementMap":{"0":{"start":{"line":1,"column":0},"end":{"line":1,"column":25}}},"fnMap":{},"branchMap":{},"s":{"0":0},"f":{},"b":{}}
,"C:\\Users\\Tiago\\first-ts-repo\\src\\functions.ts": {"path":"C:\\Users\\Tiago\\first-ts-repo\\src\\functions.ts","statementMap":{"0":{"start":{"line":5,"column":16},"end":{"line":5,"column":28}},"1":{"start":{"line":6,"column":25},"end":{"line":6,"column":37}},"2":{"start":{"line":7,"column":26},"end":{"line":7,"column":39}},"3":{"start":{"line":8,"column":4},"end":{"line":8,"column":54}},"4":{"start":{"line":9,"column":4},"end":{"line":9,"column":56}},"5":{"start":{"line":10,"column":4},"end":{"line":10,"column":null}},"6":{"start":{"line":4,"column":0},"end":{"line":4,"column":16}},"7":{"start":{"line":13,"column":0},"end":{"line":13,"column":19}},"8":{"start":{"line":14,"column":0},"end":{"line":14,"column":32}}},"fnMap":{"0":{"name":"percentage","decl":{"start":{"line":4,"column":16},"end":{"line":4,"column":26}},"loc":{"start":{"line":4,"column":54},"end":{"line":11,"column":1}}}},"branchMap":{},"s":{"0":0,"1":0,"2":0,"3":0,"4":0,"5":0,"6":0,"7":0,"8":0},"f":{"0":0},"b":{}}
,"C:\\Users\\Tiago\\first-ts-repo\\src\\teste.ts": {"path":"C:\\Users\\Tiago\\first-ts-repo\\src\\teste.ts","statementMap":{"0":{"start":{"line":1,"column":0},"end":{"line":1,"column":38}},"1":{"start":{"line":3,"column":0},"end":{"line":3,"column":33}}},"fnMap":{},"branchMap":{},"s":{"0":0,"1":0},"f":{},"b":{}}
}
